mode: set
github.com/torresposso/gosmic/pb/client.go:20.83,22.17 2 1
github.com/torresposso/gosmic/pb/client.go:22.17,24.17 2 1
github.com/torresposso/gosmic/pb/client.go:24.17,26.4 1 0
github.com/torresposso/gosmic/pb/client.go:27.3,27.41 1 1
github.com/torresposso/gosmic/pb/client.go:30.2,31.16 2 1
github.com/torresposso/gosmic/pb/client.go:31.16,33.3 1 0
github.com/torresposso/gosmic/pb/client.go:35.2,35.17 1 1
github.com/torresposso/gosmic/pb/client.go:35.17,37.3 1 1
github.com/torresposso/gosmic/pb/client.go:39.2,39.23 1 1
github.com/torresposso/gosmic/pb/client.go:39.23,41.3 1 1
github.com/torresposso/gosmic/pb/client.go:43.2,43.17 1 1
github.com/torresposso/gosmic/pb/client.go:71.36,78.2 1 1
github.com/torresposso/gosmic/pb/client.go:82.50,88.2 1 1
github.com/torresposso/gosmic/pb/client.go:90.41,92.2 1 0
github.com/torresposso/gosmic/pb/client.go:94.47,95.25 1 0
github.com/torresposso/gosmic/pb/client.go:95.25,97.3 1 0
github.com/torresposso/gosmic/pb/client.go:98.2,98.11 1 0
github.com/torresposso/gosmic/pb/client.go:101.46,102.25 1 0
github.com/torresposso/gosmic/pb/client.go:102.25,103.30 1 0
github.com/torresposso/gosmic/pb/client.go:103.30,105.4 1 0
github.com/torresposso/gosmic/pb/client.go:106.3,106.28 1 0
github.com/torresposso/gosmic/pb/client.go:108.2,108.15 1 0
github.com/torresposso/gosmic/pb/client.go:111.37,112.25 1 1
github.com/torresposso/gosmic/pb/client.go:112.25,114.3 1 0
github.com/torresposso/gosmic/pb/client.go:115.2,115.11 1 1
github.com/torresposso/gosmic/pb/client.go:120.82,127.16 3 1
github.com/torresposso/gosmic/pb/client.go:127.16,129.3 1 0
github.com/torresposso/gosmic/pb/client.go:131.2,132.16 2 1
github.com/torresposso/gosmic/pb/client.go:132.16,134.3 1 0
github.com/torresposso/gosmic/pb/client.go:135.2,137.38 2 1
github.com/torresposso/gosmic/pb/client.go:137.38,139.3 1 0
github.com/torresposso/gosmic/pb/client.go:141.2,142.69 2 1
github.com/torresposso/gosmic/pb/client.go:142.69,144.3 1 0
github.com/torresposso/gosmic/pb/client.go:146.2,146.46 1 1
github.com/torresposso/gosmic/pb/client.go:149.27,152.2 2 0
github.com/torresposso/gosmic/pb/client.go:154.46,156.16 2 1
github.com/torresposso/gosmic/pb/client.go:156.16,158.3 1 0
github.com/torresposso/gosmic/pb/client.go:160.2,161.16 2 1
github.com/torresposso/gosmic/pb/client.go:161.16,163.3 1 0
github.com/torresposso/gosmic/pb/client.go:164.2,166.38 2 1
github.com/torresposso/gosmic/pb/client.go:166.38,168.3 1 0
github.com/torresposso/gosmic/pb/client.go:170.2,171.69 2 1
github.com/torresposso/gosmic/pb/client.go:171.69,173.3 1 0
github.com/torresposso/gosmic/pb/client.go:175.2,175.28 1 1
github.com/torresposso/gosmic/pb/client.go:178.52,180.16 2 0
github.com/torresposso/gosmic/pb/client.go:180.16,182.3 1 0
github.com/torresposso/gosmic/pb/client.go:184.2,185.16 2 0
github.com/torresposso/gosmic/pb/client.go:185.16,187.3 1 0
github.com/torresposso/gosmic/pb/client.go:188.2,190.38 2 0
github.com/torresposso/gosmic/pb/client.go:190.38,192.3 1 0
github.com/torresposso/gosmic/pb/client.go:194.2,195.65 2 0
github.com/torresposso/gosmic/pb/client.go:195.65,197.3 1 0
github.com/torresposso/gosmic/pb/client.go:199.2,199.19 1 0
github.com/torresposso/gosmic/pb/client.go:202.73,203.23 1 1
github.com/torresposso/gosmic/pb/client.go:203.23,205.3 1 0
github.com/torresposso/gosmic/pb/client.go:207.2,215.16 3 1
github.com/torresposso/gosmic/pb/client.go:215.16,217.3 1 0
github.com/torresposso/gosmic/pb/client.go:219.2,220.16 2 1
github.com/torresposso/gosmic/pb/client.go:220.16,222.3 1 0
github.com/torresposso/gosmic/pb/client.go:223.2,225.79 2 1
github.com/torresposso/gosmic/pb/client.go:225.79,228.3 2 0
github.com/torresposso/gosmic/pb/client.go:230.2,230.12 1 1
github.com/torresposso/gosmic/pb/client.go:233.46,234.23 1 0
github.com/torresposso/gosmic/pb/client.go:234.23,236.3 1 0
github.com/torresposso/gosmic/pb/client.go:238.2,239.16 2 0
github.com/torresposso/gosmic/pb/client.go:239.16,241.3 1 0
github.com/torresposso/gosmic/pb/client.go:243.2,244.16 2 0
github.com/torresposso/gosmic/pb/client.go:244.16,246.3 1 0
github.com/torresposso/gosmic/pb/client.go:247.2,249.81 2 0
github.com/torresposso/gosmic/pb/client.go:249.81,251.3 1 0
github.com/torresposso/gosmic/pb/client.go:252.2,252.12 1 0
github.com/torresposso/gosmic/pb/client.go:255.67,256.23 1 0
github.com/torresposso/gosmic/pb/client.go:256.23,258.3 1 0
github.com/torresposso/gosmic/pb/client.go:260.2,261.16 2 0
github.com/torresposso/gosmic/pb/client.go:261.16,263.3 1 0
github.com/torresposso/gosmic/pb/client.go:265.2,266.16 2 0
github.com/torresposso/gosmic/pb/client.go:266.16,268.3 1 0
github.com/torresposso/gosmic/pb/client.go:269.2,271.38 2 0
github.com/torresposso/gosmic/pb/client.go:271.38,273.3 1 0
github.com/torresposso/gosmic/pb/client.go:274.2,274.12 1 0
github.com/torresposso/gosmic/pb/client.go:278.77,280.16 2 0
github.com/torresposso/gosmic/pb/client.go:280.16,282.3 1 0
github.com/torresposso/gosmic/pb/client.go:284.2,285.16 2 0
github.com/torresposso/gosmic/pb/client.go:285.16,287.3 1 0
github.com/torresposso/gosmic/pb/client.go:288.2,290.79 2 0
github.com/torresposso/gosmic/pb/client.go:290.79,293.3 2 0
github.com/torresposso/gosmic/pb/client.go:295.2,295.12 1 0
github.com/torresposso/gosmic/services/auth.go:21.67,23.2 1 1
github.com/torresposso/gosmic/services/auth.go:25.109,26.35 1 1
github.com/torresposso/gosmic/services/auth.go:26.35,28.3 1 1
github.com/torresposso/gosmic/services/auth.go:30.2,31.16 2 1
github.com/torresposso/gosmic/services/auth.go:31.16,33.3 1 1
github.com/torresposso/gosmic/services/auth.go:35.2,35.19 1 1
github.com/torresposso/gosmic/services/auth.go:38.108,39.49 1 1
github.com/torresposso/gosmic/services/auth.go:39.49,41.3 1 1
github.com/torresposso/gosmic/services/auth.go:43.2,43.23 1 1
github.com/torresposso/gosmic/services/auth.go:43.23,45.3 1 1
github.com/torresposso/gosmic/services/auth.go:47.2,54.45 2 1
github.com/torresposso/gosmic/services/mock_services.go:15.105,19.2 3 0
github.com/torresposso/gosmic/services/mock_services.go:21.100,25.2 3 0
github.com/torresposso/gosmic/services/mock_services.go:27.118,30.2 2 0
github.com/torresposso/gosmic/services/mock_services.go:32.129,35.2 2 0
github.com/torresposso/gosmic/services/mock_services.go:37.91,40.2 2 0
github.com/torresposso/gosmic/services/mock_services.go:42.97,45.2 2 0
github.com/torresposso/gosmic/services/post.go:24.67,26.2 1 1
github.com/torresposso/gosmic/services/post.go:28.101,30.16 2 1
github.com/torresposso/gosmic/services/post.go:30.16,32.3 1 1
github.com/torresposso/gosmic/services/post.go:34.2,34.17 1 1
github.com/torresposso/gosmic/services/post.go:34.17,37.27 3 1
github.com/torresposso/gosmic/services/post.go:37.27,38.104 1 1
github.com/torresposso/gosmic/services/post.go:38.104,40.5 1 1
github.com/torresposso/gosmic/services/post.go:42.3,42.19 1 1
github.com/torresposso/gosmic/services/post.go:45.2,45.19 1 1
github.com/torresposso/gosmic/services/post.go:48.96,50.2 1 1
github.com/torresposso/gosmic/services/post.go:52.114,54.2 1 1
github.com/torresposso/gosmic/services/post.go:56.125,63.2 2 1
github.com/torresposso/gosmic/services/post.go:65.87,67.2 1 1
github.com/torresposso/gosmic/services/post.go:69.93,71.2 1 1
github.com/torresposso/gosmic/views/auth_templ.go:11.89,12.131 1 0
github.com/torresposso/gosmic/views/auth_templ.go:12.131,14.71 2 0
github.com/torresposso/gosmic/views/auth_templ.go:14.71,16.4 1 0
github.com/torresposso/gosmic/views/auth_templ.go:17.3,18.31 2 0
github.com/torresposso/gosmic/views/auth_templ.go:18.31,19.17 1 0
github.com/torresposso/gosmic/views/auth_templ.go:19.17,21.34 2 0
github.com/torresposso/gosmic/views/auth_templ.go:21.34,23.6 1 0
github.com/torresposso/gosmic/views/auth_templ.go:26.3,28.33 3 0
github.com/torresposso/gosmic/views/auth_templ.go:28.33,30.4 1 0
github.com/torresposso/gosmic/views/auth_templ.go:31.3,33.32 3 0
github.com/torresposso/gosmic/views/auth_templ.go:33.32,35.4 1 0
github.com/torresposso/gosmic/views/auth_templ.go:36.3,36.21 1 0
github.com/torresposso/gosmic/views/auth_templ.go:36.21,38.33 2 0
github.com/torresposso/gosmic/views/auth_templ.go:38.33,40.5 1 0
github.com/torresposso/gosmic/views/auth_templ.go:41.4,43.33 3 0
github.com/torresposso/gosmic/views/auth_templ.go:43.33,45.5 1 0
github.com/torresposso/gosmic/views/auth_templ.go:46.4,47.33 2 0
github.com/torresposso/gosmic/views/auth_templ.go:47.33,49.5 1 0
github.com/torresposso/gosmic/views/auth_templ.go:50.4,51.33 2 0
github.com/torresposso/gosmic/views/auth_templ.go:51.33,53.5 1 0
github.com/torresposso/gosmic/views/auth_templ.go:55.3,55.17 1 0
github.com/torresposso/gosmic/views/auth_templ.go:55.17,57.33 2 0
github.com/torresposso/gosmic/views/auth_templ.go:57.33,59.5 1 0
github.com/torresposso/gosmic/views/auth_templ.go:61.3,62.32 2 0
github.com/torresposso/gosmic/views/auth_templ.go:62.32,64.4 1 0
github.com/torresposso/gosmic/views/auth_templ.go:65.3,67.32 3 0
github.com/torresposso/gosmic/views/auth_templ.go:67.32,69.4 1 0
github.com/torresposso/gosmic/views/auth_templ.go:70.3,71.32 2 0
github.com/torresposso/gosmic/views/auth_templ.go:71.32,73.4 1 0
github.com/torresposso/gosmic/views/auth_templ.go:74.3,75.32 2 0
github.com/torresposso/gosmic/views/auth_templ.go:75.32,77.4 1 0
github.com/torresposso/gosmic/views/auth_templ.go:78.3,80.32 3 0
github.com/torresposso/gosmic/views/auth_templ.go:80.32,82.4 1 0
github.com/torresposso/gosmic/views/auth_templ.go:83.3,84.32 2 0
github.com/torresposso/gosmic/views/auth_templ.go:84.32,86.4 1 0
github.com/torresposso/gosmic/views/auth_templ.go:87.3,88.32 2 0
github.com/torresposso/gosmic/views/auth_templ.go:88.32,90.4 1 0
github.com/torresposso/gosmic/views/auth_templ.go:91.3,91.13 1 0
github.com/torresposso/gosmic/views/auth_templ.go:95.88,96.131 1 0
github.com/torresposso/gosmic/views/auth_templ.go:96.131,98.71 2 0
github.com/torresposso/gosmic/views/auth_templ.go:98.71,100.4 1 0
github.com/torresposso/gosmic/views/auth_templ.go:101.3,102.31 2 0
github.com/torresposso/gosmic/views/auth_templ.go:102.31,103.17 1 0
github.com/torresposso/gosmic/views/auth_templ.go:103.17,105.34 2 0
github.com/torresposso/gosmic/views/auth_templ.go:105.34,107.6 1 0
github.com/torresposso/gosmic/views/auth_templ.go:110.3,112.33 3 0
github.com/torresposso/gosmic/views/auth_templ.go:112.33,114.4 1 0
github.com/torresposso/gosmic/views/auth_templ.go:115.3,117.32 3 0
github.com/torresposso/gosmic/views/auth_templ.go:117.32,119.4 1 0
github.com/torresposso/gosmic/views/auth_templ.go:120.3,120.21 1 0
github.com/torresposso/gosmic/views/auth_templ.go:120.21,122.33 2 0
github.com/torresposso/gosmic/views/auth_templ.go:122.33,124.5 1 0
github.com/torresposso/gosmic/views/auth_templ.go:125.4,127.33 3 0
github.com/torresposso/gosmic/views/auth_templ.go:127.33,129.5 1 0
github.com/torresposso/gosmic/views/auth_templ.go:130.4,131.33 2 0
github.com/torresposso/gosmic/views/auth_templ.go:131.33,133.5 1 0
github.com/torresposso/gosmic/views/auth_templ.go:134.4,135.33 2 0
github.com/torresposso/gosmic/views/auth_templ.go:135.33,137.5 1 0
github.com/torresposso/gosmic/views/auth_templ.go:139.3,140.32 2 0
github.com/torresposso/gosmic/views/auth_templ.go:140.32,142.4 1 0
github.com/torresposso/gosmic/views/auth_templ.go:143.3,145.32 3 0
github.com/torresposso/gosmic/views/auth_templ.go:145.32,147.4 1 0
github.com/torresposso/gosmic/views/auth_templ.go:148.3,149.32 2 0
github.com/torresposso/gosmic/views/auth_templ.go:149.32,151.4 1 0
github.com/torresposso/gosmic/views/auth_templ.go:152.3,153.32 2 0
github.com/torresposso/gosmic/views/auth_templ.go:153.32,155.4 1 0
github.com/torresposso/gosmic/views/auth_templ.go:156.3,158.32 3 0
github.com/torresposso/gosmic/views/auth_templ.go:158.32,160.4 1 0
github.com/torresposso/gosmic/views/auth_templ.go:161.3,162.32 2 0
github.com/torresposso/gosmic/views/auth_templ.go:162.32,164.4 1 0
github.com/torresposso/gosmic/views/auth_templ.go:165.3,166.32 2 0
github.com/torresposso/gosmic/views/auth_templ.go:166.32,168.4 1 0
github.com/torresposso/gosmic/views/auth_templ.go:169.3,171.32 3 0
github.com/torresposso/gosmic/views/auth_templ.go:171.32,173.4 1 0
github.com/torresposso/gosmic/views/auth_templ.go:174.3,175.32 2 0
github.com/torresposso/gosmic/views/auth_templ.go:175.32,177.4 1 0
github.com/torresposso/gosmic/views/auth_templ.go:178.3,179.32 2 0
github.com/torresposso/gosmic/views/auth_templ.go:179.32,181.4 1 0
github.com/torresposso/gosmic/views/auth_templ.go:182.3,182.13 1 0
github.com/torresposso/gosmic/views/errors_templ.go:13.60,14.131 1 0
github.com/torresposso/gosmic/views/errors_templ.go:14.131,16.71 2 0
github.com/torresposso/gosmic/views/errors_templ.go:16.71,18.4 1 0
github.com/torresposso/gosmic/views/errors_templ.go:19.3,20.31 2 0
github.com/torresposso/gosmic/views/errors_templ.go:20.31,21.17 1 0
github.com/torresposso/gosmic/views/errors_templ.go:21.17,23.34 2 0
github.com/torresposso/gosmic/views/errors_templ.go:23.34,25.6 1 0
github.com/torresposso/gosmic/views/errors_templ.go:28.3,30.33 3 0
github.com/torresposso/gosmic/views/errors_templ.go:30.33,32.4 1 0
github.com/torresposso/gosmic/views/errors_templ.go:33.3,35.32 3 0
github.com/torresposso/gosmic/views/errors_templ.go:35.32,37.4 1 0
github.com/torresposso/gosmic/views/errors_templ.go:38.3,40.32 3 0
github.com/torresposso/gosmic/views/errors_templ.go:40.32,42.4 1 0
github.com/torresposso/gosmic/views/errors_templ.go:43.3,44.32 2 0
github.com/torresposso/gosmic/views/errors_templ.go:44.32,46.4 1 0
github.com/torresposso/gosmic/views/errors_templ.go:47.3,48.32 2 0
github.com/torresposso/gosmic/views/errors_templ.go:48.32,50.4 1 0
github.com/torresposso/gosmic/views/errors_templ.go:51.3,53.32 3 0
github.com/torresposso/gosmic/views/errors_templ.go:53.32,55.4 1 0
github.com/torresposso/gosmic/views/errors_templ.go:56.3,57.32 2 0
github.com/torresposso/gosmic/views/errors_templ.go:57.32,59.4 1 0
github.com/torresposso/gosmic/views/errors_templ.go:60.3,61.32 2 0
github.com/torresposso/gosmic/views/errors_templ.go:61.32,63.4 1 0
github.com/torresposso/gosmic/views/errors_templ.go:64.3,64.13 1 0
github.com/torresposso/gosmic/views/home_templ.go:15.45,16.131 1 1
github.com/torresposso/gosmic/views/home_templ.go:16.131,18.71 2 1
github.com/torresposso/gosmic/views/home_templ.go:18.71,20.4 1 0
github.com/torresposso/gosmic/views/home_templ.go:21.3,22.31 2 1
github.com/torresposso/gosmic/views/home_templ.go:22.31,23.17 1 1
github.com/torresposso/gosmic/views/home_templ.go:23.17,25.34 2 1
github.com/torresposso/gosmic/views/home_templ.go:25.34,27.6 1 1
github.com/torresposso/gosmic/views/home_templ.go:30.3,32.33 3 1
github.com/torresposso/gosmic/views/home_templ.go:32.33,34.4 1 0
github.com/torresposso/gosmic/views/home_templ.go:35.3,37.32 3 1
github.com/torresposso/gosmic/views/home_templ.go:37.32,39.4 1 0
github.com/torresposso/gosmic/views/home_templ.go:40.3,40.18 1 1
github.com/torresposso/gosmic/views/home_templ.go:40.18,42.33 2 1
github.com/torresposso/gosmic/views/home_templ.go:42.33,44.5 1 0
github.com/torresposso/gosmic/views/home_templ.go:46.3,46.13 1 1
github.com/torresposso/gosmic/views/home_templ.go:50.95,51.131 1 1
github.com/torresposso/gosmic/views/home_templ.go:51.131,53.71 2 1
github.com/torresposso/gosmic/views/home_templ.go:53.71,55.4 1 0
github.com/torresposso/gosmic/views/home_templ.go:56.3,57.31 2 1
github.com/torresposso/gosmic/views/home_templ.go:57.31,58.17 1 1
github.com/torresposso/gosmic/views/home_templ.go:58.17,60.34 2 1
github.com/torresposso/gosmic/views/home_templ.go:60.34,62.6 1 1
github.com/torresposso/gosmic/views/home_templ.go:65.3,67.33 3 1
github.com/torresposso/gosmic/views/home_templ.go:67.33,69.4 1 0
github.com/torresposso/gosmic/views/home_templ.go:70.3,72.32 3 1
github.com/torresposso/gosmic/views/home_templ.go:72.32,74.4 1 0
github.com/torresposso/gosmic/views/home_templ.go:75.3,77.32 3 1
github.com/torresposso/gosmic/views/home_templ.go:77.32,79.4 1 0
github.com/torresposso/gosmic/views/home_templ.go:80.3,81.32 2 1
github.com/torresposso/gosmic/views/home_templ.go:81.32,83.4 1 0
github.com/torresposso/gosmic/views/home_templ.go:84.3,85.32 2 1
github.com/torresposso/gosmic/views/home_templ.go:85.32,87.4 1 0
github.com/torresposso/gosmic/views/home_templ.go:88.3,90.32 3 1
github.com/torresposso/gosmic/views/home_templ.go:90.32,92.4 1 0
github.com/torresposso/gosmic/views/home_templ.go:93.3,94.32 2 1
github.com/torresposso/gosmic/views/home_templ.go:94.32,96.4 1 0
github.com/torresposso/gosmic/views/home_templ.go:97.3,98.32 2 1
github.com/torresposso/gosmic/views/home_templ.go:98.32,100.4 1 0
github.com/torresposso/gosmic/views/home_templ.go:101.3,103.32 3 1
github.com/torresposso/gosmic/views/home_templ.go:103.32,105.4 1 0
github.com/torresposso/gosmic/views/home_templ.go:106.3,107.32 2 1
github.com/torresposso/gosmic/views/home_templ.go:107.32,109.4 1 0
github.com/torresposso/gosmic/views/home_templ.go:110.3,111.32 2 1
github.com/torresposso/gosmic/views/home_templ.go:111.32,113.4 1 0
github.com/torresposso/gosmic/views/home_templ.go:114.3,116.32 3 1
github.com/torresposso/gosmic/views/home_templ.go:116.32,118.4 1 0
github.com/torresposso/gosmic/views/home_templ.go:119.3,120.32 2 1
github.com/torresposso/gosmic/views/home_templ.go:120.32,122.4 1 0
github.com/torresposso/gosmic/views/home_templ.go:123.3,124.32 2 1
github.com/torresposso/gosmic/views/home_templ.go:124.32,126.4 1 0
github.com/torresposso/gosmic/views/home_templ.go:127.3,127.13 1 1
github.com/torresposso/gosmic/views/layout_templ.go:11.131,12.131 1 0
github.com/torresposso/gosmic/views/layout_templ.go:12.131,14.71 2 0
github.com/torresposso/gosmic/views/layout_templ.go:14.71,16.4 1 0
github.com/torresposso/gosmic/views/layout_templ.go:17.3,18.31 2 0
github.com/torresposso/gosmic/views/layout_templ.go:18.31,19.17 1 0
github.com/torresposso/gosmic/views/layout_templ.go:19.17,21.34 2 0
github.com/torresposso/gosmic/views/layout_templ.go:21.34,23.6 1 0
github.com/torresposso/gosmic/views/layout_templ.go:26.3,28.33 3 0
github.com/torresposso/gosmic/views/layout_templ.go:28.33,30.4 1 0
github.com/torresposso/gosmic/views/layout_templ.go:31.3,33.32 3 0
github.com/torresposso/gosmic/views/layout_templ.go:33.32,35.4 1 0
github.com/torresposso/gosmic/views/layout_templ.go:36.3,38.32 3 0
github.com/torresposso/gosmic/views/layout_templ.go:38.32,40.4 1 0
github.com/torresposso/gosmic/views/layout_templ.go:41.3,42.32 2 0
github.com/torresposso/gosmic/views/layout_templ.go:42.32,44.4 1 0
github.com/torresposso/gosmic/views/layout_templ.go:45.3,46.32 2 0
github.com/torresposso/gosmic/views/layout_templ.go:46.32,48.4 1 0
github.com/torresposso/gosmic/views/layout_templ.go:49.3,49.17 1 0
github.com/torresposso/gosmic/views/layout_templ.go:49.17,51.33 2 0
github.com/torresposso/gosmic/views/layout_templ.go:51.33,53.5 1 0
github.com/torresposso/gosmic/views/layout_templ.go:54.9,56.33 2 0
github.com/torresposso/gosmic/views/layout_templ.go:56.33,58.5 1 0
github.com/torresposso/gosmic/views/layout_templ.go:60.3,61.32 2 0
github.com/torresposso/gosmic/views/layout_templ.go:61.32,63.4 1 0
github.com/torresposso/gosmic/views/layout_templ.go:64.3,64.17 1 0
github.com/torresposso/gosmic/views/layout_templ.go:64.17,66.33 2 0
github.com/torresposso/gosmic/views/layout_templ.go:66.33,68.5 1 0
github.com/torresposso/gosmic/views/layout_templ.go:70.3,71.32 2 0
github.com/torresposso/gosmic/views/layout_templ.go:71.32,73.4 1 0
github.com/torresposso/gosmic/views/layout_templ.go:74.3,74.17 1 0
github.com/torresposso/gosmic/views/layout_templ.go:74.17,76.33 2 0
github.com/torresposso/gosmic/views/layout_templ.go:76.33,78.5 1 0
github.com/torresposso/gosmic/views/layout_templ.go:79.9,81.33 2 0
github.com/torresposso/gosmic/views/layout_templ.go:81.33,83.5 1 0
github.com/torresposso/gosmic/views/layout_templ.go:85.3,86.32 2 0
github.com/torresposso/gosmic/views/layout_templ.go:86.32,88.4 1 0
github.com/torresposso/gosmic/views/layout_templ.go:89.3,90.32 2 0
github.com/torresposso/gosmic/views/layout_templ.go:90.32,92.4 1 0
github.com/torresposso/gosmic/views/layout_templ.go:93.3,94.32 2 0
github.com/torresposso/gosmic/views/layout_templ.go:94.32,96.4 1 0
github.com/torresposso/gosmic/views/layout_templ.go:97.3,98.32 2 0
github.com/torresposso/gosmic/views/layout_templ.go:98.32,100.4 1 0
github.com/torresposso/gosmic/views/layout_templ.go:101.3,102.32 2 0
github.com/torresposso/gosmic/views/layout_templ.go:102.32,104.4 1 0
github.com/torresposso/gosmic/views/layout_templ.go:105.3,105.13 1 0
github.com/torresposso/gosmic/views/layout_templ.go:109.67,110.131 1 0
github.com/torresposso/gosmic/views/layout_templ.go:110.131,112.71 2 0
github.com/torresposso/gosmic/views/layout_templ.go:112.71,114.4 1 0
github.com/torresposso/gosmic/views/layout_templ.go:115.3,116.31 2 0
github.com/torresposso/gosmic/views/layout_templ.go:116.31,117.17 1 0
github.com/torresposso/gosmic/views/layout_templ.go:117.17,119.34 2 0
github.com/torresposso/gosmic/views/layout_templ.go:119.34,121.6 1 0
github.com/torresposso/gosmic/views/layout_templ.go:124.3,126.33 3 0
github.com/torresposso/gosmic/views/layout_templ.go:126.33,128.4 1 0
github.com/torresposso/gosmic/views/layout_templ.go:129.3,130.18 2 0
github.com/torresposso/gosmic/views/layout_templ.go:130.18,132.33 2 0
github.com/torresposso/gosmic/views/layout_templ.go:132.33,134.5 1 0
github.com/torresposso/gosmic/views/layout_templ.go:135.4,135.30 1 0
github.com/torresposso/gosmic/views/layout_templ.go:135.30,137.34 2 0
github.com/torresposso/gosmic/views/layout_templ.go:137.34,139.6 1 0
github.com/torresposso/gosmic/views/layout_templ.go:140.5,142.34 3 0
github.com/torresposso/gosmic/views/layout_templ.go:142.34,144.6 1 0
github.com/torresposso/gosmic/views/layout_templ.go:145.5,146.34 2 0
github.com/torresposso/gosmic/views/layout_templ.go:146.34,148.6 1 0
github.com/torresposso/gosmic/views/layout_templ.go:149.5,150.34 2 0
github.com/torresposso/gosmic/views/layout_templ.go:150.34,152.6 1 0
github.com/torresposso/gosmic/views/layout_templ.go:153.10,153.35 1 0
github.com/torresposso/gosmic/views/layout_templ.go:153.35,155.34 2 0
github.com/torresposso/gosmic/views/layout_templ.go:155.34,157.6 1 0
github.com/torresposso/gosmic/views/layout_templ.go:158.5,160.34 3 0
github.com/torresposso/gosmic/views/layout_templ.go:160.34,162.6 1 0
github.com/torresposso/gosmic/views/layout_templ.go:163.5,164.34 2 0
github.com/torresposso/gosmic/views/layout_templ.go:164.34,166.6 1 0
github.com/torresposso/gosmic/views/layout_templ.go:167.5,168.34 2 0
github.com/torresposso/gosmic/views/layout_templ.go:168.34,170.6 1 0
github.com/torresposso/gosmic/views/layout_templ.go:171.10,173.34 2 0
github.com/torresposso/gosmic/views/layout_templ.go:173.34,175.6 1 0
github.com/torresposso/gosmic/views/layout_templ.go:176.5,178.34 3 0
github.com/torresposso/gosmic/views/layout_templ.go:178.34,180.6 1 0
github.com/torresposso/gosmic/views/layout_templ.go:181.5,182.34 2 0
github.com/torresposso/gosmic/views/layout_templ.go:182.34,184.6 1 0
github.com/torresposso/gosmic/views/layout_templ.go:185.5,186.34 2 0
github.com/torresposso/gosmic/views/layout_templ.go:186.34,188.6 1 0
github.com/torresposso/gosmic/views/layout_templ.go:190.4,191.33 2 0
github.com/torresposso/gosmic/views/layout_templ.go:191.33,193.5 1 0
github.com/torresposso/gosmic/views/layout_templ.go:195.3,195.13 1 0
github.com/torresposso/gosmic/views/posts_templ.go:13.58,14.131 1 0
github.com/torresposso/gosmic/views/posts_templ.go:14.131,16.71 2 0
github.com/torresposso/gosmic/views/posts_templ.go:16.71,18.4 1 0
github.com/torresposso/gosmic/views/posts_templ.go:19.3,20.31 2 0
github.com/torresposso/gosmic/views/posts_templ.go:20.31,21.17 1 0
github.com/torresposso/gosmic/views/posts_templ.go:21.17,23.34 2 0
github.com/torresposso/gosmic/views/posts_templ.go:23.34,25.6 1 0
github.com/torresposso/gosmic/views/posts_templ.go:28.3,30.33 3 0
github.com/torresposso/gosmic/views/posts_templ.go:30.33,32.4 1 0
github.com/torresposso/gosmic/views/posts_templ.go:33.3,35.32 3 0
github.com/torresposso/gosmic/views/posts_templ.go:35.32,37.4 1 0
github.com/torresposso/gosmic/views/posts_templ.go:38.3,40.32 3 0
github.com/torresposso/gosmic/views/posts_templ.go:40.32,42.4 1 0
github.com/torresposso/gosmic/views/posts_templ.go:43.3,44.32 2 0
github.com/torresposso/gosmic/views/posts_templ.go:44.32,46.4 1 0
github.com/torresposso/gosmic/views/posts_templ.go:47.3,48.32 2 0
github.com/torresposso/gosmic/views/posts_templ.go:48.32,50.4 1 0
github.com/torresposso/gosmic/views/posts_templ.go:51.3,52.32 2 0
github.com/torresposso/gosmic/views/posts_templ.go:52.32,54.4 1 0
github.com/torresposso/gosmic/views/posts_templ.go:55.3,55.13 1 0
github.com/torresposso/gosmic/views/posts_templ.go:59.62,60.131 1 0
github.com/torresposso/gosmic/views/posts_templ.go:60.131,62.71 2 0
github.com/torresposso/gosmic/views/posts_templ.go:62.71,64.4 1 0
github.com/torresposso/gosmic/views/posts_templ.go:65.3,66.31 2 0
github.com/torresposso/gosmic/views/posts_templ.go:66.31,67.17 1 0
github.com/torresposso/gosmic/views/posts_templ.go:67.17,69.34 2 0
github.com/torresposso/gosmic/views/posts_templ.go:69.34,71.6 1 0
github.com/torresposso/gosmic/views/posts_templ.go:74.3,76.33 3 0
github.com/torresposso/gosmic/views/posts_templ.go:76.33,78.4 1 0
github.com/torresposso/gosmic/views/posts_templ.go:79.3,81.32 3 0
github.com/torresposso/gosmic/views/posts_templ.go:81.32,83.4 1 0
github.com/torresposso/gosmic/views/posts_templ.go:84.3,84.22 1 0
github.com/torresposso/gosmic/views/posts_templ.go:84.22,86.33 2 0
github.com/torresposso/gosmic/views/posts_templ.go:86.33,88.5 1 0
github.com/torresposso/gosmic/views/posts_templ.go:89.9,90.31 1 0
github.com/torresposso/gosmic/views/posts_templ.go:90.31,92.34 2 0
github.com/torresposso/gosmic/views/posts_templ.go:92.34,94.6 1 0
github.com/torresposso/gosmic/views/posts_templ.go:97.3,98.32 2 0
github.com/torresposso/gosmic/views/posts_templ.go:98.32,100.4 1 0
github.com/torresposso/gosmic/views/posts_templ.go:101.3,101.13 1 0
github.com/torresposso/gosmic/views/posts_templ.go:105.58,106.131 1 0
github.com/torresposso/gosmic/views/posts_templ.go:106.131,108.71 2 0
github.com/torresposso/gosmic/views/posts_templ.go:108.71,110.4 1 0
github.com/torresposso/gosmic/views/posts_templ.go:111.3,112.31 2 0
github.com/torresposso/gosmic/views/posts_templ.go:112.31,113.17 1 0
github.com/torresposso/gosmic/views/posts_templ.go:113.17,115.34 2 0
github.com/torresposso/gosmic/views/posts_templ.go:115.34,117.6 1 0
github.com/torresposso/gosmic/views/posts_templ.go:120.3,122.33 3 0
github.com/torresposso/gosmic/views/posts_templ.go:122.33,124.4 1 0
github.com/torresposso/gosmic/views/posts_templ.go:125.3,127.32 3 0
github.com/torresposso/gosmic/views/posts_templ.go:127.32,129.4 1 0
github.com/torresposso/gosmic/views/posts_templ.go:130.3,132.32 3 0
github.com/torresposso/gosmic/views/posts_templ.go:132.32,134.4 1 0
github.com/torresposso/gosmic/views/posts_templ.go:135.3,136.32 2 0
github.com/torresposso/gosmic/views/posts_templ.go:136.32,138.4 1 0
github.com/torresposso/gosmic/views/posts_templ.go:139.3,140.32 2 0
github.com/torresposso/gosmic/views/posts_templ.go:140.32,142.4 1 0
github.com/torresposso/gosmic/views/posts_templ.go:143.3,145.32 3 0
github.com/torresposso/gosmic/views/posts_templ.go:145.32,147.4 1 0
github.com/torresposso/gosmic/views/posts_templ.go:148.3,149.32 2 0
github.com/torresposso/gosmic/views/posts_templ.go:149.32,151.4 1 0
github.com/torresposso/gosmic/views/posts_templ.go:152.3,153.32 2 0
github.com/torresposso/gosmic/views/posts_templ.go:153.32,155.4 1 0
github.com/torresposso/gosmic/views/posts_templ.go:156.3,156.18 1 0
github.com/torresposso/gosmic/views/posts_templ.go:156.18,158.33 2 0
github.com/torresposso/gosmic/views/posts_templ.go:158.33,160.5 1 0
github.com/torresposso/gosmic/views/posts_templ.go:161.9,163.33 2 0
github.com/torresposso/gosmic/views/posts_templ.go:163.33,165.5 1 0
github.com/torresposso/gosmic/views/posts_templ.go:167.3,168.32 2 0
github.com/torresposso/gosmic/views/posts_templ.go:168.32,170.4 1 0
github.com/torresposso/gosmic/views/posts_templ.go:171.3,173.32 3 0
github.com/torresposso/gosmic/views/posts_templ.go:173.32,175.4 1 0
github.com/torresposso/gosmic/views/posts_templ.go:176.3,177.32 2 0
github.com/torresposso/gosmic/views/posts_templ.go:177.32,179.4 1 0
github.com/torresposso/gosmic/views/posts_templ.go:180.3,181.32 2 0
github.com/torresposso/gosmic/views/posts_templ.go:181.32,183.4 1 0
github.com/torresposso/gosmic/views/posts_templ.go:184.3,186.32 3 0
github.com/torresposso/gosmic/views/posts_templ.go:186.32,188.4 1 0
github.com/torresposso/gosmic/views/posts_templ.go:189.3,190.32 2 0
github.com/torresposso/gosmic/views/posts_templ.go:190.32,192.4 1 0
github.com/torresposso/gosmic/views/posts_templ.go:193.3,194.32 2 0
github.com/torresposso/gosmic/views/posts_templ.go:194.32,196.4 1 0
github.com/torresposso/gosmic/views/posts_templ.go:197.3,199.32 3 0
github.com/torresposso/gosmic/views/posts_templ.go:199.32,201.4 1 0
github.com/torresposso/gosmic/views/posts_templ.go:202.3,203.32 2 0
github.com/torresposso/gosmic/views/posts_templ.go:203.32,205.4 1 0
github.com/torresposso/gosmic/views/posts_templ.go:206.3,207.32 2 0
github.com/torresposso/gosmic/views/posts_templ.go:207.32,209.4 1 0
github.com/torresposso/gosmic/views/posts_templ.go:210.3,212.32 3 0
github.com/torresposso/gosmic/views/posts_templ.go:212.32,214.4 1 0
github.com/torresposso/gosmic/views/posts_templ.go:215.3,216.32 2 0
github.com/torresposso/gosmic/views/posts_templ.go:216.32,218.4 1 0
github.com/torresposso/gosmic/views/posts_templ.go:219.3,220.32 2 0
github.com/torresposso/gosmic/views/posts_templ.go:220.32,222.4 1 0
github.com/torresposso/gosmic/views/posts_templ.go:223.3,225.32 3 0
github.com/torresposso/gosmic/views/posts_templ.go:225.32,227.4 1 0
github.com/torresposso/gosmic/views/posts_templ.go:228.3,229.32 2 0
github.com/torresposso/gosmic/views/posts_templ.go:229.32,231.4 1 0
github.com/torresposso/gosmic/views/posts_templ.go:232.3,233.32 2 0
github.com/torresposso/gosmic/views/posts_templ.go:233.32,235.4 1 0
github.com/torresposso/gosmic/views/posts_templ.go:236.3,238.32 3 0
github.com/torresposso/gosmic/views/posts_templ.go:238.32,240.4 1 0
github.com/torresposso/gosmic/views/posts_templ.go:241.3,242.32 2 0
github.com/torresposso/gosmic/views/posts_templ.go:242.32,244.4 1 0
github.com/torresposso/gosmic/views/posts_templ.go:245.3,246.32 2 0
github.com/torresposso/gosmic/views/posts_templ.go:246.32,248.4 1 0
github.com/torresposso/gosmic/views/posts_templ.go:249.3,251.32 3 0
github.com/torresposso/gosmic/views/posts_templ.go:251.32,253.4 1 0
github.com/torresposso/gosmic/views/posts_templ.go:254.3,255.32 2 0
github.com/torresposso/gosmic/views/posts_templ.go:255.32,257.4 1 0
github.com/torresposso/gosmic/views/posts_templ.go:258.3,259.32 2 0
github.com/torresposso/gosmic/views/posts_templ.go:259.32,261.4 1 0
github.com/torresposso/gosmic/views/posts_templ.go:262.3,264.32 3 0
github.com/torresposso/gosmic/views/posts_templ.go:264.32,266.4 1 0
github.com/torresposso/gosmic/views/posts_templ.go:267.3,268.32 2 0
github.com/torresposso/gosmic/views/posts_templ.go:268.32,270.4 1 0
github.com/torresposso/gosmic/views/posts_templ.go:271.3,272.32 2 0
github.com/torresposso/gosmic/views/posts_templ.go:272.32,274.4 1 0
github.com/torresposso/gosmic/views/posts_templ.go:275.3,277.32 3 0
github.com/torresposso/gosmic/views/posts_templ.go:277.32,279.4 1 0
github.com/torresposso/gosmic/views/posts_templ.go:280.3,281.32 2 0
github.com/torresposso/gosmic/views/posts_templ.go:281.32,283.4 1 0
github.com/torresposso/gosmic/views/posts_templ.go:284.3,285.32 2 0
github.com/torresposso/gosmic/views/posts_templ.go:285.32,287.4 1 0
github.com/torresposso/gosmic/views/posts_templ.go:288.3,290.32 3 0
github.com/torresposso/gosmic/views/posts_templ.go:290.32,292.4 1 0
github.com/torresposso/gosmic/views/posts_templ.go:293.3,294.32 2 0
github.com/torresposso/gosmic/views/posts_templ.go:294.32,296.4 1 0
github.com/torresposso/gosmic/views/posts_templ.go:297.3,298.32 2 0
github.com/torresposso/gosmic/views/posts_templ.go:298.32,300.4 1 0
github.com/torresposso/gosmic/views/posts_templ.go:301.3,303.32 3 0
github.com/torresposso/gosmic/views/posts_templ.go:303.32,305.4 1 0
github.com/torresposso/gosmic/views/posts_templ.go:306.3,307.32 2 0
github.com/torresposso/gosmic/views/posts_templ.go:307.32,309.4 1 0
github.com/torresposso/gosmic/views/posts_templ.go:310.3,311.32 2 0
github.com/torresposso/gosmic/views/posts_templ.go:311.32,313.4 1 0
github.com/torresposso/gosmic/views/posts_templ.go:314.3,314.13 1 0
github.com/torresposso/gosmic/views/posts_templ.go:318.62,319.131 1 0
github.com/torresposso/gosmic/views/posts_templ.go:319.131,321.71 2 0
github.com/torresposso/gosmic/views/posts_templ.go:321.71,323.4 1 0
github.com/torresposso/gosmic/views/posts_templ.go:324.3,325.31 2 0
github.com/torresposso/gosmic/views/posts_templ.go:325.31,326.17 1 0
github.com/torresposso/gosmic/views/posts_templ.go:326.17,328.34 2 0
github.com/torresposso/gosmic/views/posts_templ.go:328.34,330.6 1 0
github.com/torresposso/gosmic/views/posts_templ.go:333.3,335.34 3 0
github.com/torresposso/gosmic/views/posts_templ.go:335.34,337.4 1 0
github.com/torresposso/gosmic/views/posts_templ.go:338.3,340.32 3 0
github.com/torresposso/gosmic/views/posts_templ.go:340.32,342.4 1 0
github.com/torresposso/gosmic/views/posts_templ.go:343.3,345.32 3 0
github.com/torresposso/gosmic/views/posts_templ.go:345.32,347.4 1 0
github.com/torresposso/gosmic/views/posts_templ.go:348.3,349.32 2 0
github.com/torresposso/gosmic/views/posts_templ.go:349.32,351.4 1 0
github.com/torresposso/gosmic/views/posts_templ.go:352.3,353.32 2 0
github.com/torresposso/gosmic/views/posts_templ.go:353.32,355.4 1 0
github.com/torresposso/gosmic/views/posts_templ.go:356.3,358.32 3 0
github.com/torresposso/gosmic/views/posts_templ.go:358.32,360.4 1 0
github.com/torresposso/gosmic/views/posts_templ.go:361.3,362.32 2 0
github.com/torresposso/gosmic/views/posts_templ.go:362.32,364.4 1 0
github.com/torresposso/gosmic/views/posts_templ.go:365.3,366.32 2 0
github.com/torresposso/gosmic/views/posts_templ.go:366.32,368.4 1 0
github.com/torresposso/gosmic/views/posts_templ.go:369.3,371.32 3 0
github.com/torresposso/gosmic/views/posts_templ.go:371.32,373.4 1 0
github.com/torresposso/gosmic/views/posts_templ.go:374.3,375.32 2 0
github.com/torresposso/gosmic/views/posts_templ.go:375.32,377.4 1 0
github.com/torresposso/gosmic/views/posts_templ.go:378.3,379.32 2 0
github.com/torresposso/gosmic/views/posts_templ.go:379.32,381.4 1 0
github.com/torresposso/gosmic/views/posts_templ.go:382.3,384.32 3 0
github.com/torresposso/gosmic/views/posts_templ.go:384.32,386.4 1 0
github.com/torresposso/gosmic/views/posts_templ.go:387.3,388.32 2 0
github.com/torresposso/gosmic/views/posts_templ.go:388.32,390.4 1 0
github.com/torresposso/gosmic/views/posts_templ.go:391.3,392.32 2 0
github.com/torresposso/gosmic/views/posts_templ.go:392.32,394.4 1 0
github.com/torresposso/gosmic/views/posts_templ.go:395.3,397.32 3 0
github.com/torresposso/gosmic/views/posts_templ.go:397.32,399.4 1 0
github.com/torresposso/gosmic/views/posts_templ.go:400.3,401.32 2 0
github.com/torresposso/gosmic/views/posts_templ.go:401.32,403.4 1 0
github.com/torresposso/gosmic/views/posts_templ.go:404.3,405.32 2 0
github.com/torresposso/gosmic/views/posts_templ.go:405.32,407.4 1 0
github.com/torresposso/gosmic/views/posts_templ.go:408.3,408.18 1 0
github.com/torresposso/gosmic/views/posts_templ.go:408.18,410.33 2 0
github.com/torresposso/gosmic/views/posts_templ.go:410.33,412.5 1 0
github.com/torresposso/gosmic/views/posts_templ.go:413.9,415.33 2 0
github.com/torresposso/gosmic/views/posts_templ.go:415.33,417.5 1 0
github.com/torresposso/gosmic/views/posts_templ.go:419.3,420.32 2 0
github.com/torresposso/gosmic/views/posts_templ.go:420.32,422.4 1 0
github.com/torresposso/gosmic/views/posts_templ.go:423.3,423.13 1 0
github.com/torresposso/gosmic/repositories/auth.go:18.41,20.2 1 1
github.com/torresposso/gosmic/repositories/auth.go:22.131,24.2 1 1
github.com/torresposso/gosmic/repositories/auth.go:26.106,28.2 1 1
github.com/torresposso/gosmic/repositories/mock_repositories.go:15.133,19.2 3 0
github.com/torresposso/gosmic/repositories/mock_repositories.go:21.108,24.2 2 0
github.com/torresposso/gosmic/repositories/mock_repositories.go:31.94,35.2 3 0
github.com/torresposso/gosmic/repositories/mock_repositories.go:37.103,41.2 3 0
github.com/torresposso/gosmic/repositories/mock_repositories.go:43.121,46.2 2 0
github.com/torresposso/gosmic/repositories/mock_repositories.go:48.115,51.2 2 0
github.com/torresposso/gosmic/repositories/mock_repositories.go:53.94,56.2 2 0
github.com/torresposso/gosmic/repositories/mock_repositories.go:58.100,61.2 2 0
github.com/torresposso/gosmic/repositories/post.go:22.41,24.2 1 1
github.com/torresposso/gosmic/repositories/post.go:26.92,28.2 1 1
github.com/torresposso/gosmic/repositories/post.go:30.101,32.2 1 1
github.com/torresposso/gosmic/repositories/post.go:34.119,36.2 1 1
github.com/torresposso/gosmic/repositories/post.go:38.113,40.2 1 1
github.com/torresposso/gosmic/repositories/post.go:42.92,44.2 1 1
github.com/torresposso/gosmic/repositories/post.go:46.98,48.16 2 1
github.com/torresposso/gosmic/repositories/post.go:48.16,50.3 1 0
github.com/torresposso/gosmic/repositories/post.go:51.2,53.4 1 1
github.com/torresposso/gosmic/middleware/auth.go:14.60,15.33 1 1
github.com/torresposso/gosmic/middleware/auth.go:15.33,17.18 2 1
github.com/torresposso/gosmic/middleware/auth.go:17.18,19.4 1 1
github.com/torresposso/gosmic/middleware/auth.go:22.3,28.22 3 1
github.com/torresposso/gosmic/middleware/auth.go:28.22,33.78 3 1
github.com/torresposso/gosmic/middleware/auth.go:33.78,35.5 1 1
github.com/torresposso/gosmic/middleware/auth.go:39.3,41.18 2 1
github.com/torresposso/gosmic/middleware/auth.go:47.42,48.51 1 1
github.com/torresposso/gosmic/middleware/auth.go:48.51,50.3 1 1
github.com/torresposso/gosmic/middleware/auth.go:51.2,51.12 1 0
github.com/torresposso/gosmic/middleware/flash.go:10.58,11.33 1 1
github.com/torresposso/gosmic/middleware/flash.go:11.33,13.17 2 1
github.com/torresposso/gosmic/middleware/flash.go:13.17,16.4 1 0
github.com/torresposso/gosmic/middleware/flash.go:18.3,21.19 3 1
github.com/torresposso/gosmic/middleware/flash.go:21.19,24.4 2 1
github.com/torresposso/gosmic/middleware/flash.go:25.3,25.23 1 1
github.com/torresposso/gosmic/middleware/flash.go:25.23,28.4 2 1
github.com/torresposso/gosmic/middleware/flash.go:31.3,31.39 1 1
github.com/torresposso/gosmic/middleware/flash.go:31.39,32.38 1 1
github.com/torresposso/gosmic/middleware/flash.go:32.38,34.5 1 0
github.com/torresposso/gosmic/middleware/flash.go:37.3,37.18 1 1
github.com/torresposso/gosmic/middleware/method_override.go:10.37,11.33 1 1
github.com/torresposso/gosmic/middleware/method_override.go:11.33,13.37 1 1
github.com/torresposso/gosmic/middleware/method_override.go:13.37,15.4 1 1
github.com/torresposso/gosmic/middleware/method_override.go:18.3,19.19 2 1
github.com/torresposso/gosmic/middleware/method_override.go:19.19,22.4 1 1
github.com/torresposso/gosmic/middleware/method_override.go:24.3,24.19 1 1
github.com/torresposso/gosmic/middleware/method_override.go:24.19,27.23 2 1
github.com/torresposso/gosmic/middleware/method_override.go:28.64,29.26 1 1
github.com/torresposso/gosmic/middleware/method_override.go:33.3,33.18 1 1
github.com/torresposso/gosmic/main.go:24.13,110.2 40 0
github.com/torresposso/gosmic/main.go:112.46,113.48 1 0
github.com/torresposso/gosmic/main.go:113.48,115.3 1 0
github.com/torresposso/gosmic/main.go:116.2,116.21 1 0
github.com/torresposso/gosmic/handlers/auth.go:18.74,23.2 1 1
github.com/torresposso/gosmic/handlers/auth.go:26.49,27.33 1 1
github.com/torresposso/gosmic/handlers/auth.go:27.33,31.3 3 1
github.com/torresposso/gosmic/handlers/auth.go:35.45,36.33 1 1
github.com/torresposso/gosmic/handlers/auth.go:36.33,42.17 5 1
github.com/torresposso/gosmic/handlers/auth.go:42.17,44.4 1 0
github.com/torresposso/gosmic/handlers/auth.go:46.3,55.39 2 1
github.com/torresposso/gosmic/handlers/auth.go:60.52,61.33 1 1
github.com/torresposso/gosmic/handlers/auth.go:61.33,64.3 2 1
github.com/torresposso/gosmic/handlers/auth.go:68.48,69.33 1 1
github.com/torresposso/gosmic/handlers/auth.go:69.33,76.34 6 1
github.com/torresposso/gosmic/handlers/auth.go:76.34,78.4 1 1
github.com/torresposso/gosmic/handlers/auth.go:80.3,81.17 2 1
github.com/torresposso/gosmic/handlers/auth.go:81.17,83.4 1 0
github.com/torresposso/gosmic/handlers/auth.go:85.3,85.51 1 1
github.com/torresposso/gosmic/handlers/auth.go:90.46,91.33 1 1
github.com/torresposso/gosmic/handlers/auth.go:91.33,94.3 2 1
github.com/torresposso/gosmic/handlers/auth.go:102.74,107.2 1 0
github.com/torresposso/gosmic/handlers/auth.go:109.44,110.33 1 0
github.com/torresposso/gosmic/handlers/auth.go:110.33,114.3 3 0
github.com/torresposso/gosmic/handlers/auth.go:117.49,118.33 1 0
github.com/torresposso/gosmic/handlers/auth.go:118.33,120.20 2 0
github.com/torresposso/gosmic/handlers/auth.go:120.20,122.4 1 0
github.com/torresposso/gosmic/handlers/auth.go:124.3,125.17 2 0
github.com/torresposso/gosmic/handlers/auth.go:125.17,127.4 1 0
github.com/torresposso/gosmic/handlers/auth.go:129.3,131.102 2 0
github.com/torresposso/gosmic/handlers/home.go:13.50,14.33 1 0
github.com/torresposso/gosmic/handlers/home.go:14.33,19.3 3 0
github.com/torresposso/gosmic/handlers/home.go:23.32,24.33 1 1
github.com/torresposso/gosmic/handlers/home.go:24.33,26.20 2 1
github.com/torresposso/gosmic/handlers/home.go:26.20,28.4 1 0
github.com/torresposso/gosmic/handlers/home.go:30.3,31.17 2 1
github.com/torresposso/gosmic/handlers/home.go:31.17,34.4 1 0
github.com/torresposso/gosmic/handlers/home.go:36.3,38.102 2 1
github.com/torresposso/gosmic/handlers/posts.go:18.78,20.2 1 1
github.com/torresposso/gosmic/handlers/posts.go:22.44,23.33 1 1
github.com/torresposso/gosmic/handlers/posts.go:23.33,25.20 2 1
github.com/torresposso/gosmic/handlers/posts.go:25.20,27.4 1 1
github.com/torresposso/gosmic/handlers/posts.go:29.3,31.17 3 1
github.com/torresposso/gosmic/handlers/posts.go:31.17,33.4 1 0
github.com/torresposso/gosmic/handlers/posts.go:35.3,36.73 2 1
github.com/torresposso/gosmic/handlers/posts.go:40.46,41.33 1 1
github.com/torresposso/gosmic/handlers/posts.go:41.33,43.20 2 1
github.com/torresposso/gosmic/handlers/posts.go:43.20,45.4 1 0
github.com/torresposso/gosmic/handlers/posts.go:47.3,51.18 4 1
github.com/torresposso/gosmic/handlers/posts.go:51.18,53.4 1 1
github.com/torresposso/gosmic/handlers/posts.go:55.3,57.17 3 1
github.com/torresposso/gosmic/handlers/posts.go:57.17,62.4 4 0
github.com/torresposso/gosmic/handlers/posts.go:64.3,67.45 4 1
github.com/torresposso/gosmic/handlers/posts.go:71.43,72.33 1 1
github.com/torresposso/gosmic/handlers/posts.go:72.33,74.20 2 1
github.com/torresposso/gosmic/handlers/posts.go:74.20,76.4 1 0
github.com/torresposso/gosmic/handlers/posts.go:78.3,79.17 2 1
github.com/torresposso/gosmic/handlers/posts.go:79.17,81.4 1 1
github.com/torresposso/gosmic/handlers/posts.go:82.3,83.53 2 1
github.com/torresposso/gosmic/handlers/posts.go:87.44,88.33 1 1
github.com/torresposso/gosmic/handlers/posts.go:88.33,90.20 2 1
github.com/torresposso/gosmic/handlers/posts.go:90.20,92.4 1 0
github.com/torresposso/gosmic/handlers/posts.go:94.3,95.17 2 1
github.com/torresposso/gosmic/handlers/posts.go:95.17,97.4 1 0
github.com/torresposso/gosmic/handlers/posts.go:98.3,99.83 2 1
github.com/torresposso/gosmic/handlers/posts.go:104.46,105.33 1 1
github.com/torresposso/gosmic/handlers/posts.go:105.33,107.20 2 1
github.com/torresposso/gosmic/handlers/posts.go:107.20,109.4 1 0
github.com/torresposso/gosmic/handlers/posts.go:111.3,118.17 7 1
github.com/torresposso/gosmic/handlers/posts.go:118.17,123.4 4 0
github.com/torresposso/gosmic/handlers/posts.go:125.3,128.45 4 1
github.com/torresposso/gosmic/handlers/posts.go:132.46,133.33 1 1
github.com/torresposso/gosmic/handlers/posts.go:133.33,135.20 2 1
github.com/torresposso/gosmic/handlers/posts.go:135.20,137.4 1 0
github.com/torresposso/gosmic/handlers/posts.go:139.3,142.36 3 1
github.com/torresposso/gosmic/handlers/posts.go:142.36,144.18 2 1
github.com/torresposso/gosmic/handlers/posts.go:144.18,146.5 1 0
github.com/torresposso/gosmic/handlers/posts.go:149.4,149.122 1 1
github.com/torresposso/gosmic/handlers/posts.go:152.3,153.17 2 1
github.com/torresposso/gosmic/handlers/posts.go:153.17,158.4 4 0
github.com/torresposso/gosmic/handlers/posts.go:160.3,163.45 4 1
github.com/torresposso/gosmic/handlers/posts.go:167.46,168.33 1 1
github.com/torresposso/gosmic/handlers/posts.go:168.33,170.20 2 1
github.com/torresposso/gosmic/handlers/posts.go:170.20,172.4 1 0
github.com/torresposso/gosmic/handlers/posts.go:174.3,177.36 3 1
github.com/torresposso/gosmic/handlers/posts.go:177.36,179.18 2 1
github.com/torresposso/gosmic/handlers/posts.go:179.18,181.5 1 1
github.com/torresposso/gosmic/handlers/posts.go:183.4,184.18 2 1
github.com/torresposso/gosmic/handlers/posts.go:184.18,186.5 1 0
github.com/torresposso/gosmic/handlers/posts.go:188.4,190.116 3 1
github.com/torresposso/gosmic/handlers/posts.go:193.3,193.17 1 0
github.com/torresposso/gosmic/handlers/posts.go:193.17,195.4 1 0
github.com/torresposso/gosmic/handlers/posts.go:197.3,197.45 1 0
github.com/torresposso/gosmic/handlers/render.go:11.59,14.2 2 1
github.com/torresposso/gosmic/handlers/render.go:17.125,24.2 4 1
